[2025-09-17 10:09:43 : INFO] - Cache for URL: http://valgfags-eksamen.local/recipes/ has been purged, triggered by action: save_post 
[2025-09-17 10:09:43 : INFO] - Cache for author page URL: http://valgfags-eksamen.local/author/sommer2025/ associated with post_type: page and Title: "Recipes" has been purged, triggered by action: save_post 
[2025-09-17 10:20:38 : INFO] - Cache for URL: http://valgfags-eksamen.local/recipes/ has been purged, triggered by action: save_post 
[2025-09-17 10:20:38 : INFO] - Cache for author page URL: http://valgfags-eksamen.local/author/sommer2025/ associated with post_type: page and Title: "Recipes" has been purged, triggered by action: save_post 
[2025-09-17 10:28:40 : INFO] - Cache for URL: http://valgfags-eksamen.local/recipes/ has been purged, triggered by action: wp_trash_post 
[2025-09-17 10:28:47 : INFO] - Cache for URL: http://valgfags-eksamen.local/recipes/recipes/ has been purged, triggered by action: save_post 
[2025-09-17 10:28:47 : INFO] - Cache for archive page associated with post_type: recipe and Title: "Recipes" has been purged, triggered by action: save_post 
[2025-09-17 10:28:57 : INFO] - Cache for URL: http://valgfags-eksamen.local/recipes/recipes/ has been purged, triggered by action: wp_trash_post 
[2025-09-17 10:36:59 : INFO] - Cache for URL: http://valgfags-eksamen.local/sample-page/ has been purged, triggered by action: wp_trash_post 
[2025-09-17 10:49:40 : INFO] - Cache for URL: http://valgfags-eksamen.local/recipes/food-name-1/ has been purged, triggered by action: save_post 
[2025-09-17 10:49:40 : INFO] - Cache for archive page associated with post_type: recipe and Title: "Food name 1" has been purged, triggered by action: save_post 
[2025-09-17 10:49:45 : INFO] - Cache for URL: http://valgfags-eksamen.local/recipes/food-name-1/ has been purged, triggered by action: save_post 
[2025-09-17 10:49:45 : INFO] - Cache for archive page associated with post_type: recipe and Title: "Food name 1" has been purged, triggered by action: save_post 
[2025-09-17 10:50:38 : INFO] - Cache for URL: http://valgfags-eksamen.local/recipes/food-test-2/ has been purged, triggered by action: save_post 
[2025-09-17 10:50:38 : INFO] - Cache for archive page associated with post_type: recipe and Title: "Food test 2" has been purged, triggered by action: save_post 
[2025-09-17 10:50:46 : INFO] - Cache for URL: http://valgfags-eksamen.local/recipes/food-test-2/ has been purged, triggered by action: save_post 
[2025-09-17 10:50:46 : INFO] - Cache for archive page associated with post_type: recipe and Title: "Food name 2" has been purged, triggered by action: save_post 
[2025-09-17 10:50:59 : INFO] - Cache for URL: http://valgfags-eksamen.local/recipes/food-name-3/ has been purged, triggered by action: save_post 
[2025-09-17 10:50:59 : INFO] - Cache for archive page associated with post_type: recipe and Title: "Food name 3" has been purged, triggered by action: save_post 
[2025-09-17 11:42:23 : INFO] - Cache for URL: http://valgfags-eksamen.local/recipes/food-name-1/ has been purged, triggered by action: save_post 
[2025-09-17 11:42:23 : INFO] - Cache for archive page associated with post_type: recipe and Title: "Burrito" has been purged, triggered by action: save_post 
[2025-09-17 11:43:00 : INFO] - Cache for URL: http://valgfags-eksamen.local/recipes/food-test-2/ has been purged, triggered by action: save_post 
[2025-09-17 11:43:00 : INFO] - Cache for archive page associated with post_type: recipe and Title: "Curry Soup" has been purged, triggered by action: save_post 
[2025-09-17 11:43:32 : INFO] - Cache for URL: http://valgfags-eksamen.local/recipes/food-name-3/ has been purged, triggered by action: save_post 
[2025-09-17 11:43:32 : INFO] - Cache for archive page associated with post_type: recipe and Title: "Chicken and Potatoes" has been purged, triggered by action: save_post 
[2025-09-17 11:47:00 : INFO] - Cache for URL: http://valgfags-eksamen.local/recipes/chickenandpotatoes/ has been purged, triggered by action: save_post 
[2025-09-17 11:47:00 : INFO] - Cache for archive page associated with post_type: recipe and Title: "Chicken and Potatoes" has been purged, triggered by action: save_post 
[2025-09-17 11:47:13 : INFO] - Cache for URL: http://valgfags-eksamen.local/recipes/currysoup/ has been purged, triggered by action: save_post 
[2025-09-17 11:47:13 : INFO] - Cache for archive page associated with post_type: recipe and Title: "Curry Soup" has been purged, triggered by action: save_post 
[2025-09-17 11:47:22 : INFO] - Cache for URL: http://valgfags-eksamen.local/recipes/burrito/ has been purged, triggered by action: save_post 
[2025-09-17 11:47:22 : INFO] - Cache for archive page associated with post_type: recipe and Title: "Burrito" has been purged, triggered by action: save_post 
[2025-09-17 12:02:01 : INFO] - Cache for URL: http://valgfags-eksamen.local/recipes/chickenandpotatoes/ has been purged, triggered by action: save_post 
[2025-09-17 12:02:01 : INFO] - Cache for archive page associated with post_type: recipe and Title: "Chicken and Potatoes" has been purged, triggered by action: save_post 
[2025-09-17 12:02:01 : INFO] - Cache for multiple term taxonomy have been purged due to post terms update, triggered by action: set_object_terms 
[2025-09-17 12:02:01 : INFO] - Cache for URL: http://valgfags-eksamen.local/recipes/chickenandpotatoes/ has been purged, triggered by action: save_post 
[2025-09-17 12:02:01 : INFO] - Cache for archive page associated with post_type: recipe and Title: "Chicken and Potatoes" has been purged, triggered by action: save_post 
[2025-09-17 12:02:06 : INFO] - Cache for URL: http://valgfags-eksamen.local/recipes/currysoup/ has been purged, triggered by action: save_post 
[2025-09-17 12:02:06 : INFO] - Cache for archive page associated with post_type: recipe and Title: "Curry Soup" has been purged, triggered by action: save_post 
[2025-09-17 12:02:06 : INFO] - Cache for multiple term taxonomy have been purged due to post terms update, triggered by action: set_object_terms 
[2025-09-17 12:02:06 : INFO] - Cache for URL: http://valgfags-eksamen.local/recipes/currysoup/ has been purged, triggered by action: save_post 
[2025-09-17 12:02:06 : INFO] - Cache for archive page associated with post_type: recipe and Title: "Curry Soup" has been purged, triggered by action: save_post 
[2025-09-17 12:02:11 : INFO] - Cache for URL: http://valgfags-eksamen.local/recipes/burrito/ has been purged, triggered by action: save_post 
[2025-09-17 12:02:11 : INFO] - Cache for archive page associated with post_type: recipe and Title: "Burrito" has been purged, triggered by action: save_post 
[2025-09-17 12:02:11 : INFO] - Cache for multiple term taxonomy have been purged due to post terms update, triggered by action: set_object_terms 
[2025-09-17 12:02:11 : INFO] - Cache for URL: http://valgfags-eksamen.local/recipes/burrito/ has been purged, triggered by action: save_post 
[2025-09-17 12:02:11 : INFO] - Cache for archive page associated with post_type: recipe and Title: "Burrito" has been purged, triggered by action: save_post 
[2025-09-17 12:30:32 : INFO] - Cache for URL: http://valgfags-eksamen.local/recipes/paneer-and-potato/ has been purged, triggered by action: save_post 
[2025-09-17 12:30:32 : INFO] - Cache for archive page associated with post_type: recipe and Title: "Paneer and Potato" has been purged, triggered by action: save_post 
[2025-09-17 12:30:32 : INFO] - Cache for multiple term taxonomy have been purged due to post terms update, triggered by action: set_object_terms 
[2025-09-17 12:30:32 : INFO] - Cache for URL: http://valgfags-eksamen.local/recipes/paneer-and-potato/ has been purged, triggered by action: save_post 
[2025-09-17 12:30:32 : INFO] - Cache for archive page associated with post_type: recipe and Title: "Paneer and Potato" has been purged, triggered by action: save_post 
[2025-09-17 12:52:19 : INFO] - Cache for URL: http://valgfags-eksamen.local/recipes/student-food/ has been purged, triggered by action: save_post 
[2025-09-17 12:52:19 : INFO] - Cache for archive page associated with post_type: recipe and Title: "Student Food" has been purged, triggered by action: save_post 
[2025-09-17 12:52:19 : INFO] - Cache for multiple term taxonomy have been purged due to post terms update, triggered by action: set_object_terms 
[2025-09-17 12:52:19 : INFO] - Cache for URL: http://valgfags-eksamen.local/recipes/student-food/ has been purged, triggered by action: save_post 
[2025-09-17 12:52:19 : INFO] - Cache for archive page associated with post_type: recipe and Title: "Student Food" has been purged, triggered by action: save_post 
[2025-09-17 12:53:25 : INFO] - Cache for URL: http://valgfags-eksamen.local/recipes/sichuan-haggis/ has been purged, triggered by action: save_post 
[2025-09-17 12:53:25 : INFO] - Cache for archive page associated with post_type: recipe and Title: "Sichuan Haggis" has been purged, triggered by action: save_post 
[2025-09-17 12:53:25 : INFO] - Cache for multiple term taxonomy have been purged due to post terms update, triggered by action: set_object_terms 
[2025-09-17 12:53:25 : INFO] - Cache for URL: http://valgfags-eksamen.local/recipes/sichuan-haggis/ has been purged, triggered by action: save_post 
[2025-09-17 12:53:25 : INFO] - Cache for archive page associated with post_type: recipe and Title: "Sichuan Haggis" has been purged, triggered by action: save_post 
[2025-09-17 12:54:38 : INFO] - Cache for URL: http://valgfags-eksamen.local/recipes/fondant-potatoes/ has been purged, triggered by action: save_post 
[2025-09-17 12:54:38 : INFO] - Cache for archive page associated with post_type: recipe and Title: "Fondant Potatoes" has been purged, triggered by action: save_post 
[2025-09-17 12:54:38 : INFO] - Cache for multiple term taxonomy have been purged due to post terms update, triggered by action: set_object_terms 
[2025-09-17 12:54:38 : INFO] - Cache for URL: http://valgfags-eksamen.local/recipes/fondant-potatoes/ has been purged, triggered by action: save_post 
[2025-09-17 12:54:38 : INFO] - Cache for archive page associated with post_type: recipe and Title: "Fondant Potatoes" has been purged, triggered by action: save_post 
[2025-09-17 12:54:47 : INFO] - Cache for URL: http://valgfags-eksamen.local/recipes/fondant-potatoes/ has been purged, triggered by action: save_post 
[2025-09-17 12:54:47 : INFO] - Cache for archive page associated with post_type: recipe and Title: "Fondant Potatoes" has been purged, triggered by action: save_post 
[2025-09-17 12:54:47 : INFO] - Cache for multiple term taxonomy have been purged due to post terms update, triggered by action: set_object_terms 
[2025-09-17 12:54:47 : INFO] - Cache for URL: http://valgfags-eksamen.local/recipes/fondant-potatoes/ has been purged, triggered by action: save_post 
[2025-09-17 12:54:47 : INFO] - Cache for archive page associated with post_type: recipe and Title: "Fondant Potatoes" has been purged, triggered by action: save_post 
[2025-09-17 12:56:01 : INFO] - Cache for URL: http://valgfags-eksamen.local/recipes/miso-and-beer-marinated/ has been purged, triggered by action: save_post 
[2025-09-17 12:56:01 : INFO] - Cache for archive page associated with post_type: recipe and Title: "Miso and Beer Marinated" has been purged, triggered by action: save_post 
[2025-09-17 12:56:01 : INFO] - Cache for multiple term taxonomy have been purged due to post terms update, triggered by action: set_object_terms 
[2025-09-17 12:56:01 : INFO] - Cache for URL: http://valgfags-eksamen.local/recipes/miso-and-beer-marinated/ has been purged, triggered by action: save_post 
[2025-09-17 12:56:01 : INFO] - Cache for archive page associated with post_type: recipe and Title: "Miso and Beer Marinated" has been purged, triggered by action: save_post 
[2025-09-17 12:56:41 : INFO] - Cache for URL: http://valgfags-eksamen.local/recipes/slow-cooked-pulled-pork/ has been purged, triggered by action: save_post 
[2025-09-17 12:56:41 : INFO] - Cache for archive page associated with post_type: recipe and Title: "Slow Cooked Pulled Pork" has been purged, triggered by action: save_post 
[2025-09-17 12:56:41 : INFO] - Cache for multiple term taxonomy have been purged due to post terms update, triggered by action: set_object_terms 
[2025-09-17 12:56:41 : INFO] - Cache for URL: http://valgfags-eksamen.local/recipes/slow-cooked-pulled-pork/ has been purged, triggered by action: save_post 
[2025-09-17 12:56:41 : INFO] - Cache for archive page associated with post_type: recipe and Title: "Slow Cooked Pulled Pork" has been purged, triggered by action: save_post 
[2025-09-18 08:18:07 : INFO] - Cache for URL: http://valgfags-eksamen.local/recipes/slow-cooked-pulled-pork/ has been purged, triggered by action: save_post 
[2025-09-18 08:18:07 : INFO] - Cache for archive page associated with post_type: recipe and Title: "Slow Cooked Pulled Pork" has been purged, triggered by action: save_post 
[2025-09-18 08:18:07 : INFO] - Cache for multiple term taxonomy have been purged due to post terms update, triggered by action: set_object_terms 
[2025-09-18 08:18:07 : INFO] - Cache for URL: http://valgfags-eksamen.local/recipes/slow-cooked-pulled-pork/ has been purged, triggered by action: save_post 
[2025-09-18 08:18:07 : INFO] - Cache for archive page associated with post_type: recipe and Title: "Slow Cooked Pulled Pork" has been purged, triggered by action: save_post 
[2025-09-18 08:19:21 : INFO] - Cache for URL: http://valgfags-eksamen.local/recipes/slow-cooked-pulled-pork/ has been purged, triggered by action: save_post 
[2025-09-18 08:19:21 : INFO] - Cache for archive page associated with post_type: recipe and Title: "Slow Cooked Pulled Pork" has been purged, triggered by action: save_post 
[2025-09-18 08:19:21 : INFO] - Cache for multiple term taxonomy have been purged due to post terms update, triggered by action: set_object_terms 
[2025-09-18 08:19:21 : INFO] - Cache for URL: http://valgfags-eksamen.local/recipes/slow-cooked-pulled-pork/ has been purged, triggered by action: save_post 
[2025-09-18 08:19:21 : INFO] - Cache for archive page associated with post_type: recipe and Title: "Slow Cooked Pulled Pork" has been purged, triggered by action: save_post 
[2025-09-18 08:31:01 : INFO] - Cache for URL: http://valgfags-eksamen.local/recipes/slow-cooked-pulled-pork/ has been purged, triggered by action: save_post 
[2025-09-18 08:31:01 : INFO] - Cache for archive page associated with post_type: recipe and Title: "Slow Cooked Pulled Pork" has been purged, triggered by action: save_post 
[2025-09-18 08:31:01 : INFO] - Cache for multiple term taxonomy have been purged due to post terms update, triggered by action: set_object_terms 
[2025-09-18 08:31:01 : INFO] - Cache for URL: http://valgfags-eksamen.local/recipes/slow-cooked-pulled-pork/ has been purged, triggered by action: save_post 
[2025-09-18 08:31:01 : INFO] - Cache for archive page associated with post_type: recipe and Title: "Slow Cooked Pulled Pork" has been purged, triggered by action: save_post 
[2025-09-18 08:46:34 : INFO] - Cache for URL: http://valgfags-eksamen.local/recipes/slow-cooked-pulled-pork/ has been purged, triggered by action: save_post 
[2025-09-18 08:46:34 : INFO] - Cache for archive page associated with post_type: recipe and Title: "Slow Cooked Pulled Pork" has been purged, triggered by action: save_post 
[2025-09-18 08:46:34 : INFO] - Cache for multiple term taxonomy have been purged due to post terms update, triggered by action: set_object_terms 
[2025-09-18 08:46:34 : INFO] - Cache for URL: http://valgfags-eksamen.local/recipes/slow-cooked-pulled-pork/ has been purged, triggered by action: save_post 
[2025-09-18 08:46:34 : INFO] - Cache for archive page associated with post_type: recipe and Title: "Slow Cooked Pulled Pork" has been purged, triggered by action: save_post 
[2025-09-18 08:48:04 : INFO] - Cache for URL: http://valgfags-eksamen.local/recipes/slow-cooked-pulled-pork/ has been purged, triggered by action: save_post 
[2025-09-18 08:48:04 : INFO] - Cache for archive page associated with post_type: recipe and Title: "Slow Cooked Pulled Pork" has been purged, triggered by action: save_post 
[2025-09-18 08:48:04 : INFO] - Cache for multiple term taxonomy have been purged due to post terms update, triggered by action: set_object_terms 
[2025-09-18 08:48:04 : INFO] - Cache for URL: http://valgfags-eksamen.local/recipes/slow-cooked-pulled-pork/ has been purged, triggered by action: save_post 
[2025-09-18 08:48:04 : INFO] - Cache for archive page associated with post_type: recipe and Title: "Slow Cooked Pulled Pork" has been purged, triggered by action: save_post 
[2025-09-18 09:18:21 : INFO] - Cache for URL: http://valgfags-eksamen.local/recipes/miso-and-beer-marinated/ has been purged, triggered by action: save_post 
[2025-09-18 09:18:21 : INFO] - Cache for archive page associated with post_type: recipe and Title: "Miso and Beer Marinated" has been purged, triggered by action: save_post 
[2025-09-18 09:18:21 : INFO] - Cache for multiple term taxonomy have been purged due to post terms update, triggered by action: set_object_terms 
[2025-09-18 09:18:21 : INFO] - Cache for URL: http://valgfags-eksamen.local/recipes/miso-and-beer-marinated/ has been purged, triggered by action: save_post 
[2025-09-18 09:18:21 : INFO] - Cache for archive page associated with post_type: recipe and Title: "Miso and Beer Marinated" has been purged, triggered by action: save_post 
[2025-09-18 10:17:54 : INFO] - Cache for URL: http://valgfags-eksamen.local/recipes/croissant-placeholder/ has been purged, triggered by action: save_post 
[2025-09-18 10:17:54 : INFO] - Cache for archive page associated with post_type: recipe and Title: "Croissant placeholder" has been purged, triggered by action: save_post 
[2025-09-18 10:17:54 : INFO] - Cache for multiple term taxonomy have been purged due to post terms update, triggered by action: set_object_terms 
[2025-09-18 10:17:54 : INFO] - Cache for URL: http://valgfags-eksamen.local/recipes/croissant-placeholder/ has been purged, triggered by action: save_post 
[2025-09-18 10:17:54 : INFO] - Cache for archive page associated with post_type: recipe and Title: "Croissant placeholder" has been purged, triggered by action: save_post 
[2025-09-18 10:18:16 : INFO] - Cache for URL: http://valgfags-eksamen.local/recipes/croissant-placeholder/ has been purged, triggered by action: wp_trash_post 
[2025-09-18 10:18:16 : INFO] - Cache for multiple term taxonomy have been purged due to post terms update, triggered by action: set_object_terms 
[2025-09-18 10:18:30 : INFO] - Cache for URL: http://valgfags-eksamen.local/recipes/croissant-placeholder/ has been purged, triggered by action: save_post 
[2025-09-18 10:18:30 : INFO] - Cache for archive page associated with post_type: recipe and Title: "Croissant placeholder" has been purged, triggered by action: save_post 
[2025-09-18 10:18:30 : INFO] - Cache for multiple term taxonomy have been purged due to post terms update, triggered by action: set_object_terms 
[2025-09-18 10:18:30 : INFO] - Cache for URL: http://valgfags-eksamen.local/recipes/croissant-placeholder/ has been purged, triggered by action: save_post 
[2025-09-18 10:18:30 : INFO] - Cache for archive page associated with post_type: recipe and Title: "Croissant placeholder" has been purged, triggered by action: save_post 
[2025-09-18 10:18:42 : INFO] - Cache for URL: http://valgfags-eksamen.local/recipes/croissant-placeholder/ has been purged, triggered by action: save_post 
[2025-09-18 10:18:42 : INFO] - Cache for archive page associated with post_type: recipe and Title: "Placeholder" has been purged, triggered by action: save_post 
[2025-09-18 10:18:42 : INFO] - Cache for multiple term taxonomy have been purged due to post terms update, triggered by action: set_object_terms 
[2025-09-18 10:18:42 : INFO] - Cache for URL: http://valgfags-eksamen.local/recipes/croissant-placeholder/ has been purged, triggered by action: save_post 
[2025-09-18 10:18:42 : INFO] - Cache for archive page associated with post_type: recipe and Title: "Placeholder" has been purged, triggered by action: save_post 
[2025-09-18 10:19:43 : INFO] - Cache for URL: http://valgfags-eksamen.local/recipes/placeholder-2/ has been purged, triggered by action: save_post 
[2025-09-18 10:19:43 : INFO] - Cache for archive page associated with post_type: recipe and Title: "Placeholder 2" has been purged, triggered by action: save_post 
[2025-09-18 10:19:43 : INFO] - Cache for multiple term taxonomy have been purged due to post terms update, triggered by action: set_object_terms 
[2025-09-18 10:19:43 : INFO] - Cache for URL: http://valgfags-eksamen.local/recipes/placeholder-2/ has been purged, triggered by action: save_post 
[2025-09-18 10:19:43 : INFO] - Cache for archive page associated with post_type: recipe and Title: "Placeholder 2" has been purged, triggered by action: save_post 
[2025-09-18 10:33:44 : INFO] - Cache for URL: http://valgfags-eksamen.local/recipes/burrito/ has been purged, triggered by action: save_post 
[2025-09-18 10:33:44 : INFO] - Cache for archive page associated with post_type: recipe and Title: "Burrito" has been purged, triggered by action: save_post 
[2025-09-18 10:33:44 : INFO] - Cache for multiple term taxonomy have been purged due to post terms update, triggered by action: set_object_terms 
[2025-09-18 10:33:44 : INFO] - Cache for URL: http://valgfags-eksamen.local/recipes/burrito/ has been purged, triggered by action: save_post 
[2025-09-18 10:33:44 : INFO] - Cache for archive page associated with post_type: recipe and Title: "Burrito" has been purged, triggered by action: save_post 
[2025-09-18 10:35:06 : INFO] - Cache for URL: http://valgfags-eksamen.local/recipes/burrito/ has been purged, triggered by action: save_post 
[2025-09-18 10:35:06 : INFO] - Cache for archive page associated with post_type: recipe and Title: "Burrito" has been purged, triggered by action: save_post 
[2025-09-18 10:35:06 : INFO] - Cache for multiple term taxonomy have been purged due to post terms update, triggered by action: set_object_terms 
[2025-09-18 10:35:06 : INFO] - Cache for URL: http://valgfags-eksamen.local/recipes/burrito/ has been purged, triggered by action: save_post 
[2025-09-18 10:35:06 : INFO] - Cache for archive page associated with post_type: recipe and Title: "Burrito" has been purged, triggered by action: save_post 
[2025-09-18 10:35:22 : INFO] - Cache for URL: http://valgfags-eksamen.local/recipes/burrito/ has been purged, triggered by action: save_post 
[2025-09-18 10:35:22 : INFO] - Cache for archive page associated with post_type: recipe and Title: "Burrito" has been purged, triggered by action: save_post 
[2025-09-18 10:35:22 : INFO] - Cache for multiple term taxonomy have been purged due to post terms update, triggered by action: set_object_terms 
[2025-09-18 10:35:22 : INFO] - Cache for URL: http://valgfags-eksamen.local/recipes/burrito/ has been purged, triggered by action: save_post 
[2025-09-18 10:35:22 : INFO] - Cache for archive page associated with post_type: recipe and Title: "Burrito" has been purged, triggered by action: save_post 
[2025-09-18 10:37:00 : INFO] - Cache for URL: http://valgfags-eksamen.local/recipes/currysoup/ has been purged, triggered by action: save_post 
[2025-09-18 10:37:00 : INFO] - Cache for archive page associated with post_type: recipe and Title: "Curry Soup" has been purged, triggered by action: save_post 
[2025-09-18 10:37:01 : INFO] - Cache for multiple term taxonomy have been purged due to post terms update, triggered by action: set_object_terms 
[2025-09-18 10:37:01 : INFO] - Cache for URL: http://valgfags-eksamen.local/recipes/currysoup/ has been purged, triggered by action: save_post 
[2025-09-18 10:37:01 : INFO] - Cache for archive page associated with post_type: recipe and Title: "Curry Soup" has been purged, triggered by action: save_post 
[2025-09-18 10:38:50 : INFO] - Cache for URL: http://valgfags-eksamen.local/recipes/chickenandpotatoes/ has been purged, triggered by action: save_post 
[2025-09-18 10:38:50 : INFO] - Cache for archive page associated with post_type: recipe and Title: "Chicken and Potatoes" has been purged, triggered by action: save_post 
[2025-09-18 10:38:50 : INFO] - Cache for multiple term taxonomy have been purged due to post terms update, triggered by action: set_object_terms 
[2025-09-18 10:38:50 : INFO] - Cache for URL: http://valgfags-eksamen.local/recipes/chickenandpotatoes/ has been purged, triggered by action: save_post 
[2025-09-18 10:38:50 : INFO] - Cache for archive page associated with post_type: recipe and Title: "Chicken and Potatoes" has been purged, triggered by action: save_post 
[2025-09-18 10:40:12 : INFO] - Cache for URL: http://valgfags-eksamen.local/recipes/paneer-and-potato/ has been purged, triggered by action: save_post 
[2025-09-18 10:40:12 : INFO] - Cache for archive page associated with post_type: recipe and Title: "Paneer and Potato" has been purged, triggered by action: save_post 
[2025-09-18 10:40:12 : INFO] - Cache for multiple term taxonomy have been purged due to post terms update, triggered by action: set_object_terms 
[2025-09-18 10:40:12 : INFO] - Cache for URL: http://valgfags-eksamen.local/recipes/paneer-and-potato/ has been purged, triggered by action: save_post 
[2025-09-18 10:40:12 : INFO] - Cache for archive page associated with post_type: recipe and Title: "Paneer and Potato" has been purged, triggered by action: save_post 
[2025-09-18 10:43:55 : INFO] - Cache for URL: http://valgfags-eksamen.local/recipes/student-food/ has been purged, triggered by action: save_post 
[2025-09-18 10:43:55 : INFO] - Cache for archive page associated with post_type: recipe and Title: "Student Food" has been purged, triggered by action: save_post 
[2025-09-18 10:43:55 : INFO] - Cache for multiple term taxonomy have been purged due to post terms update, triggered by action: set_object_terms 
[2025-09-18 10:43:55 : INFO] - Cache for URL: http://valgfags-eksamen.local/recipes/student-food/ has been purged, triggered by action: save_post 
[2025-09-18 10:43:55 : INFO] - Cache for archive page associated with post_type: recipe and Title: "Student Food" has been purged, triggered by action: save_post 
[2025-09-18 10:45:20 : INFO] - Cache for URL: http://valgfags-eksamen.local/recipes/sichuan-haggis/ has been purged, triggered by action: save_post 
[2025-09-18 10:45:20 : INFO] - Cache for archive page associated with post_type: recipe and Title: "Sichuan Haggis" has been purged, triggered by action: save_post 
[2025-09-18 10:45:20 : INFO] - Cache for multiple term taxonomy have been purged due to post terms update, triggered by action: set_object_terms 
[2025-09-18 10:45:20 : INFO] - Cache for URL: http://valgfags-eksamen.local/recipes/sichuan-haggis/ has been purged, triggered by action: save_post 
[2025-09-18 10:45:20 : INFO] - Cache for archive page associated with post_type: recipe and Title: "Sichuan Haggis" has been purged, triggered by action: save_post 
[2025-09-18 10:46:23 : INFO] - Cache for URL: http://valgfags-eksamen.local/recipes/fondant-potatoes/ has been purged, triggered by action: save_post 
[2025-09-18 10:46:23 : INFO] - Cache for archive page associated with post_type: recipe and Title: "Fondant Potatoes" has been purged, triggered by action: save_post 
[2025-09-18 10:46:23 : INFO] - Cache for multiple term taxonomy have been purged due to post terms update, triggered by action: set_object_terms 
[2025-09-18 10:46:23 : INFO] - Cache for URL: http://valgfags-eksamen.local/recipes/fondant-potatoes/ has been purged, triggered by action: save_post 
[2025-09-18 10:46:23 : INFO] - Cache for archive page associated with post_type: recipe and Title: "Fondant Potatoes" has been purged, triggered by action: save_post 
[2025-09-18 11:09:01 : INFO] - Cache for URL: http://valgfags-eksamen.local/recipes/miso-and-beer-marinated/ has been purged, triggered by action: save_post 
[2025-09-18 11:09:01 : INFO] - Cache for archive page associated with post_type: recipe and Title: "Miso and Beer Marinated" has been purged, triggered by action: save_post 
[2025-09-18 11:09:01 : INFO] - Cache for multiple term taxonomy have been purged due to post terms update, triggered by action: set_object_terms 
[2025-09-18 11:09:01 : INFO] - Cache for URL: http://valgfags-eksamen.local/recipes/miso-and-beer-marinated/ has been purged, triggered by action: save_post 
[2025-09-18 11:09:01 : INFO] - Cache for archive page associated with post_type: recipe and Title: "Miso and Beer Marinated" has been purged, triggered by action: save_post 
[2025-09-18 11:54:55 : INFO] - Cache for URL: http://valgfags-eksamen.local/weekly_chef/poppy-otoole/ has been purged, triggered by action: save_post 
[2025-09-18 11:55:27 : INFO] - Cache for URL: http://valgfags-eksamen.local/chef_profile/dr-rupy-aujla/ has been purged, triggered by action: save_post 
[2025-09-18 12:02:46 : INFO] - Cache for URL: http://valgfags-eksamen.local/chef_profile/dr-rupy-aujla/ has been purged, triggered by action: save_post 
[2025-09-18 12:03:21 : INFO] - Cache for URL: http://valgfags-eksamen.local/weekly_chef/masterchefs/ has been purged, triggered by action: save_post 
[2025-09-18 12:03:38 : INFO] - Cache for URL: http://valgfags-eksamen.local/weekly_chef/masterchefs/ has been purged, triggered by action: wp_trash_post 
[2025-09-18 12:25:50 : INFO] - Cache for URL: http://valgfags-eksamen.local/chef-profile/rachel-ama/ has been purged, triggered by action: save_post 
[2025-09-18 12:26:12 : INFO] - Cache for URL: http://valgfags-eksamen.local/chef-profile/andi-oliver/ has been purged, triggered by action: save_post 
[2025-09-18 12:26:53 : INFO] - Cache for URL: http://valgfags-eksamen.local/chef-profile/sebza/ has been purged, triggered by action: save_post 
[2025-09-18 12:27:13 : INFO] - Cache for URL: http://valgfags-eksamen.local/chef-profile/sebza/ has been purged, triggered by action: wp_trash_post 
[2025-09-19 08:45:17 : INFO] - Cache for URL: http://valgfags-eksamen.local/tips_advice/juicy-chicken/ has been purged, triggered by action: save_post 
[2025-09-19 08:45:17 : INFO] - Cache for author page URL: http://valgfags-eksamen.local/author/sommer2025/ associated with post_type: tips_advice and Title: "Juicy chicken" has been purged, triggered by action: save_post 
[2025-09-19 08:52:12 : INFO] - Cache for URL: http://valgfags-eksamen.local/tips_advice/juicy-chicken/ has been purged, triggered by action: wp_trash_post 
[2025-09-19 08:59:46 : INFO] - Cache for URL: http://valgfags-eksamen.local/tips_advice/juicy-chicken-cooked-to-perfection/ has been purged, triggered by action: save_post 
[2025-09-19 08:59:46 : INFO] - Cache for author page URL: http://valgfags-eksamen.local/author/sommer2025/ associated with post_type: tips_advice and Title: "Juicy chicken cooked to perfection" has been purged, triggered by action: save_post 
[2025-09-19 08:59:46 : INFO] - Cache for URL: http://valgfags-eksamen.local/tips_advice/juicy-chicken-cooked-to-perfection/ has been purged, triggered by action: save_post 
[2025-09-19 08:59:46 : INFO] - Cache for author page URL: http://valgfags-eksamen.local/author/sommer2025/ associated with post_type: tips_advice and Title: "Juicy chicken cooked to perfection" has been purged, triggered by action: save_post 
[2025-09-19 09:14:07 : INFO] - Cache for URL: http://valgfags-eksamen.local/tips_advice/crispy-chicken-baked/ has been purged, triggered by action: save_post 
[2025-09-19 09:14:07 : INFO] - Cache for author page URL: http://valgfags-eksamen.local/author/sommer2025/ associated with post_type: tips_advice and Title: "Crispy chicken baked" has been purged, triggered by action: save_post 
[2025-09-19 09:14:07 : INFO] - Cache for URL: http://valgfags-eksamen.local/tips_advice/crispy-chicken-baked/ has been purged, triggered by action: save_post 
[2025-09-19 09:14:07 : INFO] - Cache for author page URL: http://valgfags-eksamen.local/author/sommer2025/ associated with post_type: tips_advice and Title: "Crispy chicken baked" has been purged, triggered by action: save_post 
[2025-09-19 09:22:05 : INFO] - Cache for URL: http://valgfags-eksamen.local/tips_advice/crispy-chicken-baked/ has been purged, triggered by action: save_post 
[2025-09-19 09:22:05 : INFO] - Cache for archive page associated with post_type: tips_advice and Title: "Crispy chicken baked" has been purged, triggered by action: save_post 
[2025-09-19 09:22:05 : INFO] - Cache for author page URL: http://valgfags-eksamen.local/author/sommer2025/ associated with post_type: tips_advice and Title: "Crispy chicken baked" has been purged, triggered by action: save_post 
[2025-09-19 09:22:05 : INFO] - Cache for URL: http://valgfags-eksamen.local/tips_advice/crispy-chicken-baked/ has been purged, triggered by action: save_post 
[2025-09-19 09:22:05 : INFO] - Cache for archive page associated with post_type: tips_advice and Title: "Crispy chicken baked" has been purged, triggered by action: save_post 
[2025-09-19 09:22:05 : INFO] - Cache for author page URL: http://valgfags-eksamen.local/author/sommer2025/ associated with post_type: tips_advice and Title: "Crispy chicken baked" has been purged, triggered by action: save_post 
[2025-09-19 09:23:54 : INFO] - Cache for URL: http://valgfags-eksamen.local/tips_advice/crispy-chicken-baked/ has been purged, triggered by action: save_post 
[2025-09-19 09:23:54 : INFO] - Cache for archive page associated with post_type: tips_advice and Title: "Crispy chicken baked" has been purged, triggered by action: save_post 
[2025-09-19 09:23:54 : INFO] - Cache for author page URL: http://valgfags-eksamen.local/author/sommer2025/ associated with post_type: tips_advice and Title: "Crispy chicken baked" has been purged, triggered by action: save_post 
[2025-09-19 09:23:54 : INFO] - Cache for URL: http://valgfags-eksamen.local/tips_advice/crispy-chicken-baked/ has been purged, triggered by action: save_post 
[2025-09-19 09:23:54 : INFO] - Cache for archive page associated with post_type: tips_advice and Title: "Crispy chicken baked" has been purged, triggered by action: save_post 
[2025-09-19 09:23:54 : INFO] - Cache for author page URL: http://valgfags-eksamen.local/author/sommer2025/ associated with post_type: tips_advice and Title: "Crispy chicken baked" has been purged, triggered by action: save_post 
[2025-09-19 09:25:26 : INFO] - Cache for URL: http://valgfags-eksamen.local/tips_advice/crispy-chicken-baked/ has been purged, triggered by action: save_post 
[2025-09-19 09:25:26 : INFO] - Cache for archive page associated with post_type: tips_advice and Title: "Crispy chicken baked" has been purged, triggered by action: save_post 
[2025-09-19 09:25:26 : INFO] - Cache for author page URL: http://valgfags-eksamen.local/author/sommer2025/ associated with post_type: tips_advice and Title: "Crispy chicken baked" has been purged, triggered by action: save_post 
[2025-09-19 09:25:26 : INFO] - Cache for URL: http://valgfags-eksamen.local/tips_advice/crispy-chicken-baked/ has been purged, triggered by action: save_post 
[2025-09-19 09:25:26 : INFO] - Cache for archive page associated with post_type: tips_advice and Title: "Crispy chicken baked" has been purged, triggered by action: save_post 
[2025-09-19 09:25:26 : INFO] - Cache for author page URL: http://valgfags-eksamen.local/author/sommer2025/ associated with post_type: tips_advice and Title: "Crispy chicken baked" has been purged, triggered by action: save_post 
[2025-09-19 09:25:56 : INFO] - Cache for URL: http://valgfags-eksamen.local/tips_advice/crispy-chicken-baked/ has been purged, triggered by action: save_post 
[2025-09-19 09:25:56 : INFO] - Cache for archive page associated with post_type: tips_advice and Title: "Crispy chicken baked" has been purged, triggered by action: save_post 
[2025-09-19 09:25:56 : INFO] - Cache for author page URL: http://valgfags-eksamen.local/author/sommer2025/ associated with post_type: tips_advice and Title: "Crispy chicken baked" has been purged, triggered by action: save_post 
[2025-09-19 09:25:56 : INFO] - Cache for URL: http://valgfags-eksamen.local/tips_advice/crispy-chicken-baked/ has been purged, triggered by action: save_post 
[2025-09-19 09:25:56 : INFO] - Cache for archive page associated with post_type: tips_advice and Title: "Crispy chicken baked" has been purged, triggered by action: save_post 
[2025-09-19 09:25:56 : INFO] - Cache for author page URL: http://valgfags-eksamen.local/author/sommer2025/ associated with post_type: tips_advice and Title: "Crispy chicken baked" has been purged, triggered by action: save_post 
[2025-09-19 09:39:02 : INFO] - Cache for URL: http://valgfags-eksamen.local/tips_advice/crispy-chicken-baked/ has been purged, triggered by action: save_post 
[2025-09-19 09:39:02 : INFO] - Cache for archive page associated with post_type: tips_advice and Title: "Crispy chicken baked" has been purged, triggered by action: save_post 
[2025-09-19 09:39:02 : INFO] - Cache for author page URL: http://valgfags-eksamen.local/author/sommer2025/ associated with post_type: tips_advice and Title: "Crispy chicken baked" has been purged, triggered by action: save_post 
[2025-09-19 09:39:02 : INFO] - Cache for URL: http://valgfags-eksamen.local/tips_advice/crispy-chicken-baked/ has been purged, triggered by action: save_post 
[2025-09-19 09:39:02 : INFO] - Cache for archive page associated with post_type: tips_advice and Title: "Crispy chicken baked" has been purged, triggered by action: save_post 
[2025-09-19 09:39:02 : INFO] - Cache for author page URL: http://valgfags-eksamen.local/author/sommer2025/ associated with post_type: tips_advice and Title: "Crispy chicken baked" has been purged, triggered by action: save_post 
[2025-09-19 09:39:09 : INFO] - Cache for URL: http://valgfags-eksamen.local/tips_advice/juicy-chicken-cooked-to-perfection/ has been purged, triggered by action: save_post 
[2025-09-19 09:39:09 : INFO] - Cache for archive page associated with post_type: tips_advice and Title: "Juicy chicken cooked to perfection" has been purged, triggered by action: save_post 
[2025-09-19 09:39:09 : INFO] - Cache for author page URL: http://valgfags-eksamen.local/author/sommer2025/ associated with post_type: tips_advice and Title: "Juicy chicken cooked to perfection" has been purged, triggered by action: save_post 
[2025-09-19 09:39:09 : INFO] - Cache for URL: http://valgfags-eksamen.local/tips_advice/juicy-chicken-cooked-to-perfection/ has been purged, triggered by action: save_post 
[2025-09-19 09:39:09 : INFO] - Cache for archive page associated with post_type: tips_advice and Title: "Juicy chicken cooked to perfection" has been purged, triggered by action: save_post 
[2025-09-19 09:39:09 : INFO] - Cache for author page URL: http://valgfags-eksamen.local/author/sommer2025/ associated with post_type: tips_advice and Title: "Juicy chicken cooked to perfection" has been purged, triggered by action: save_post 
[2025-09-19 09:40:47 : INFO] - Cache for URL: http://valgfags-eksamen.local/tips_advice/juicy-chicken-cooked-to-perfection/ has been purged, triggered by action: save_post 
[2025-09-19 09:40:47 : INFO] - Cache for archive page associated with post_type: tips_advice and Title: "Juicy chicken cooked to perfection" has been purged, triggered by action: save_post 
[2025-09-19 09:40:47 : INFO] - Cache for author page URL: http://valgfags-eksamen.local/author/sommer2025/ associated with post_type: tips_advice and Title: "Juicy chicken cooked to perfection" has been purged, triggered by action: save_post 
[2025-09-19 09:40:47 : INFO] - Cache for URL: http://valgfags-eksamen.local/tips_advice/juicy-chicken-cooked-to-perfection/ has been purged, triggered by action: save_post 
[2025-09-19 09:40:47 : INFO] - Cache for archive page associated with post_type: tips_advice and Title: "Juicy chicken cooked to perfection" has been purged, triggered by action: save_post 
[2025-09-19 09:40:47 : INFO] - Cache for author page URL: http://valgfags-eksamen.local/author/sommer2025/ associated with post_type: tips_advice and Title: "Juicy chicken cooked to perfection" has been purged, triggered by action: save_post 
[2025-09-19 09:40:59 : INFO] - Cache for URL: http://valgfags-eksamen.local/tips_advice/crispy-chicken-baked/ has been purged, triggered by action: save_post 
[2025-09-19 09:40:59 : INFO] - Cache for archive page associated with post_type: tips_advice and Title: "Crispy chicken baked" has been purged, triggered by action: save_post 
[2025-09-19 09:40:59 : INFO] - Cache for author page URL: http://valgfags-eksamen.local/author/sommer2025/ associated with post_type: tips_advice and Title: "Crispy chicken baked" has been purged, triggered by action: save_post 
[2025-09-19 09:40:59 : INFO] - Cache for URL: http://valgfags-eksamen.local/tips_advice/crispy-chicken-baked/ has been purged, triggered by action: save_post 
[2025-09-19 09:40:59 : INFO] - Cache for archive page associated with post_type: tips_advice and Title: "Crispy chicken baked" has been purged, triggered by action: save_post 
[2025-09-19 09:40:59 : INFO] - Cache for author page URL: http://valgfags-eksamen.local/author/sommer2025/ associated with post_type: tips_advice and Title: "Crispy chicken baked" has been purged, triggered by action: save_post 
[2025-09-19 09:41:38 : INFO] - Cache for URL: http://valgfags-eksamen.local/tips_advice/crisp-broccoli-and-al-dente-pasta/ has been purged, triggered by action: save_post 
[2025-09-19 09:41:38 : INFO] - Cache for archive page associated with post_type: tips_advice and Title: "Crisp broccoli and al dente pasta" has been purged, triggered by action: save_post 
[2025-09-19 09:41:38 : INFO] - Cache for author page URL: http://valgfags-eksamen.local/author/sommer2025/ associated with post_type: tips_advice and Title: "Crisp broccoli and al dente pasta" has been purged, triggered by action: save_post 
[2025-09-19 09:41:38 : INFO] - Cache for URL: http://valgfags-eksamen.local/tips_advice/crisp-broccoli-and-al-dente-pasta/ has been purged, triggered by action: save_post 
[2025-09-19 09:41:38 : INFO] - Cache for archive page associated with post_type: tips_advice and Title: "Crisp broccoli and al dente pasta" has been purged, triggered by action: save_post 
[2025-09-19 09:41:38 : INFO] - Cache for author page URL: http://valgfags-eksamen.local/author/sommer2025/ associated with post_type: tips_advice and Title: "Crisp broccoli and al dente pasta" has been purged, triggered by action: save_post 
